# JRE version: OpenJDK Runtime Environment (8.0_131-b11) (build 1.8.0_131-8u131-b11-2ubuntu1.16.04.3-b11)
# Java VM: OpenJDK 64-Bit Server VM (25.131-b11 mixed mode linux-amd64 compressed oops)
Heap:
 PSYoungGen      total 545280K, used 306976K [0x000000076ab00000, 0x00000007a0500000, 0x00000007c0000000)
  eden space 211968K, 0% used [0x000000076ab00000,0x000000076ab00000,0x0000000777a00000)
  from space 333312K, 92% used [0x0000000777a00000,0x000000078a5c8020,0x000000078bf80000)
  to   space 328704K, 0% used [0x000000078c400000,0x000000078c400000,0x00000007a0500000)
 ParOldGen       total 1334272K, used 1070921K [0x00000006c0000000, 0x0000000711700000, 0x000000076ab00000)
  object space 1334272K, 80% used [0x00000006c0000000,0x00000007015d2450,0x0000000711700000)
 Metaspace       used 18170K, capacity 18572K, committed 18688K, reserved 1064960K
  class space    used 2391K, capacity 2508K, committed 2560K, reserved 1048576K
GC Heap History (10 events):
Event: 27.872 GC heap after
Heap after GC invocations=26 (full 6):
 PSYoungGen      total 493568K, used 205202K [0x000000076ab00000, 0x00000007a2b80000, 0x00000007c0000000)
  eden space 153088K, 0% used [0x000000076ab00000,0x000000076ab00000,0x0000000774080000)
  from space 340480K, 60% used [0x0000000774080000,0x00000007808e4a38,0x0000000788d00000)
  to   space 365568K, 0% used [0x000000078c680000,0x000000078c680000,0x00000007a2b80000)
 ParOldGen       total 1029120K, used 789901K [0x00000006c0000000, 0x00000006fed00000, 0x000000076ab00000)
  object space 1029120K, 76% used [0x00000006c0000000,0x00000006f03637a8,0x00000006fed00000)
 Metaspace       used 18170K, capacity 18572K, committed 18688K, reserved 1064960K
  class space    used 2391K, capacity 2508K, committed 2560K, reserved 1048576K
}
Event: 28.448 GC heap before
{Heap before GC invocations=27 (full 6):
 PSYoungGen      total 493568K, used 358290K [0x000000076ab00000, 0x00000007a2b80000, 0x00000007c0000000)
  eden space 153088K, 100% used [0x000000076ab00000,0x0000000774080000,0x0000000774080000)
  from space 340480K, 60% used [0x0000000774080000,0x00000007808e4a38,0x0000000788d00000)
  to   space 365568K, 0% used [0x000000078c680000,0x000000078c680000,0x00000007a2b80000)
 ParOldGen       total 1029120K, used 789901K [0x00000006c0000000, 0x00000006fed00000, 0x000000076ab00000)
  object space 1029120K, 76% used [0x00000006c0000000,0x00000006f03637a8,0x00000006fed00000)
 Metaspace       used 18170K, capacity 18572K, committed 18688K, reserved 1064960K
  class space    used 2391K, capacity 2508K, committed 2560K, reserved 1048576K
Event: 28.997 GC heap after
Heap after GC invocations=27 (full 6):
 PSYoungGen      total 509440K, used 129632K [0x000000076ab00000, 0x00000007a0580000, 0x00000007c0000000)
  eden space 182784K, 0% used [0x000000076ab00000,0x000000076ab00000,0x0000000775d80000)
  from space 326656K, 39% used [0x000000078c680000,0x0000000794518000,0x00000007a0580000)
  to   space 348160K, 0% used [0x0000000775d80000,0x0000000775d80000,0x000000078b180000)
 ParOldGen       total 1029120K, used 942013K [0x00000006c0000000, 0x00000006fed00000, 0x000000076ab00000)
  object space 1029120K, 91% used [0x00000006c0000000,0x00000006f97ef7b8,0x00000006fed00000)
 Metaspace       used 18170K, capacity 18572K, committed 18688K, reserved 1064960K
  class space    used 2391K, capacity 2508K, committed 2560K, reserved 1048576K
}
Event: 28.997 GC heap before
{Heap before GC invocations=28 (full 7):
 PSYoungGen      total 509440K, used 129632K [0x000000076ab00000, 0x00000007a0580000, 0x00000007c0000000)
  eden space 182784K, 0% used [0x000000076ab00000,0x000000076ab00000,0x0000000775d80000)
  from space 326656K, 39% used [0x000000078c680000,0x0000000794518000,0x00000007a0580000)
  to   space 348160K, 0% used [0x0000000775d80000,0x0000000775d80000,0x000000078b180000)
 ParOldGen       total 1029120K, used 942013K [0x00000006c0000000, 0x00000006fed00000, 0x000000076ab00000)
  object space 1029120K, 91% used [0x00000006c0000000,0x00000006f97ef7b8,0x00000006fed00000)
 Metaspace       used 18170K, capacity 18572K, committed 18688K, reserved 1064960K
  class space    used 2391K, capacity 2508K, committed 2560K, reserved 1048576K
Event: 32.188 GC heap after
Heap after GC invocations=28 (full 7):
 PSYoungGen      total 509440K, used 41962K [0x000000076ab00000, 0x00000007a0580000, 0x00000007c0000000)
  eden space 182784K, 0% used [0x000000076ab00000,0x000000076ab00000,0x0000000775d80000)
  from space 326656K, 12% used [0x000000078c680000,0x000000078ef7a9a0,0x00000007a0580000)
  to   space 348160K, 0% used [0x0000000775d80000,0x0000000775d80000,0x000000078b180000)
 ParOldGen       total 1334272K, used 1029001K [0x00000006c0000000, 0x0000000711700000, 0x000000076ab00000)
  object space 1334272K, 77% used [0x00000006c0000000,0x00000006fece2450,0x0000000711700000)
 Metaspace       used 18170K, capacity 18572K, committed 18688K, reserved 1064960K
  class space    used 2391K, capacity 2508K, committed 2560K, reserved 1048576K
}
Event: 32.619 GC heap before
{Heap before GC invocations=29 (full 7):
 PSYoungGen      total 509440K, used 224746K [0x000000076ab00000, 0x00000007a0580000, 0x00000007c0000000)
  eden space 182784K, 100% used [0x000000076ab00000,0x0000000775d80000,0x0000000775d80000)
  from space 326656K, 12% used [0x000000078c680000,0x000000078ef7a9a0,0x00000007a0580000)
  to   space 348160K, 0% used [0x0000000775d80000,0x0000000775d80000,0x000000078b180000)
 ParOldGen       total 1334272K, used 1029001K [0x00000006c0000000, 0x0000000711700000, 0x000000076ab00000)
  object space 1334272K, 77% used [0x00000006c0000000,0x00000006fece2450,0x0000000711700000)
 Metaspace       used 18170K, capacity 18572K, committed 18688K, reserved 1064960K
  class space    used 2391K, capacity 2508K, committed 2560K, reserved 1048576K
Event: 33.024 GC heap after
Heap after GC invocations=29 (full 7):
 PSYoungGen      total 530944K, used 91168K [0x000000076ab00000, 0x00000007a0f00000, 0x00000007c0000000)
  eden space 182784K, 0% used [0x000000076ab00000,0x000000076ab00000,0x0000000775d80000)
  from space 348160K, 26% used [0x0000000775d80000,0x000000077b688000,0x000000078b180000)
  to   space 338944K, 0% used [0x000000078c400000,0x000000078c400000,0x00000007a0f00000)
 ParOldGen       total 1334272K, used 1070921K [0x00000006c0000000, 0x0000000711700000, 0x000000076ab00000)
  object space 1334272K, 80% used [0x00000006c0000000,0x00000007015d2450,0x0000000711700000)
 Metaspace       used 18170K, capacity 18572K, committed 18688K, reserved 1064960K
  class space    used 2391K, capacity 2508K, committed 2560K, reserved 1048576K
}
Event: 33.805 GC heap before
{Heap before GC invocations=30 (full 7):
 PSYoungGen      total 530944K, used 273952K [0x000000076ab00000, 0x00000007a0f00000, 0x00000007c0000000)
  eden space 182784K, 100% used [0x000000076ab00000,0x0000000775d80000,0x0000000775d80000)
  from space 348160K, 26% used [0x0000000775d80000,0x000000077b688000,0x000000078b180000)
  to   space 338944K, 0% used [0x000000078c400000,0x000000078c400000,0x00000007a0f00000)
 ParOldGen       total 1334272K, used 1070921K [0x00000006c0000000, 0x0000000711700000, 0x000000076ab00000)
  object space 1334272K, 80% used [0x00000006c0000000,0x00000007015d2450,0x0000000711700000)
 Metaspace       used 18170K, capacity 18572K, committed 18688K, reserved 1064960K
  class space    used 2391K, capacity 2508K, committed 2560K, reserved 1048576K
Event: 34.228 GC heap after
Heap after GC invocations=30 (full 7):
 PSYoungGen      total 540672K, used 181888K [0x000000076ab00000, 0x00000007a0500000, 0x00000007c0000000)
  eden space 211968K, 0% used [0x000000076ab00000,0x000000076ab00000,0x0000000777a00000)
  from space 328704K, 55% used [0x000000078c400000,0x00000007975a0000,0x00000007a0500000)
  to   space 333312K, 0% used [0x0000000777a00000,0x0000000777a00000,0x000000078bf80000)
 ParOldGen       total 1334272K, used 1070921K [0x00000006c0000000, 0x0000000711700000, 0x000000076ab00000)
  object space 1334272K, 80% used [0x00000006c0000000,0x00000007015d2450,0x0000000711700000)
 Metaspace       used 18170K, capacity 18572K, committed 18688K, reserved 1064960K
  class space    used 2391K, capacity 2508K, committed 2560K, reserved 1048576K
}
Event: 34.428 GC heap before
{Heap before GC invocations=31 (full 7):
 PSYoungGen      total 540672K, used 319908K [0x000000076ab00000, 0x00000007a0500000, 0x00000007c0000000)
  eden space 211968K, 65% used [0x000000076ab00000,0x00000007731c90c0,0x0000000777a00000)
  from space 328704K, 55% used [0x000000078c400000,0x00000007975a0000,0x00000007a0500000)
  to   space 333312K, 0% used [0x0000000777a00000,0x0000000777a00000,0x000000078bf80000)
 ParOldGen       total 1334272K, used 1070921K [0x00000006c0000000, 0x0000000711700000, 0x000000076ab00000)
  object space 1334272K, 80% used [0x00000006c0000000,0x00000007015d2450,0x0000000711700000)
 Metaspace       used 18170K, capacity 18572K, committed 18688K, reserved 1064960K
  class space    used 2391K, capacity 2508K, committed 2560K, reserved 1048576K

