# JRE version: OpenJDK Runtime Environment (8.0_131-b11) (build 1.8.0_131-8u131-b11-2ubuntu1.16.04.3-b11)
# Java VM: OpenJDK 64-Bit Server VM (25.131-b11 mixed mode linux-amd64 compressed oops)
Heap:
 PSYoungGen      total 625664K, used 258418K [0x000000076ab00000, 0x00000007ad500000, 0x00000007c0000000)
  eden space 159744K, 0% used [0x000000076ab00000,0x000000076ab00000,0x0000000774700000)
  from space 465920K, 55% used [0x0000000790e00000,0x00000007a0a5cb00,0x00000007ad500000)
  to   space 465920K, 0% used [0x0000000774700000,0x0000000774700000,0x0000000790e00000)
 ParOldGen       total 1140224K, used 1139945K [0x00000006c0000000, 0x0000000705980000, 0x000000076ab00000)
  object space 1140224K, 99% used [0x00000006c0000000,0x000000070593a420,0x0000000705980000)
 Metaspace       used 18110K, capacity 18572K, committed 18688K, reserved 1064960K
  class space    used 2391K, capacity 2508K, committed 2560K, reserved 1048576K
GC Heap History (10 events):
Event: 24.702 GC heap after
Heap after GC invocations=23 (full 6):
 PSYoungGen      total 464384K, used 278048K [0x000000076ab00000, 0x00000007a0080000, 0x00000007c0000000)
  eden space 170496K, 0% used [0x000000076ab00000,0x000000076ab00000,0x0000000775180000)
  from space 293888K, 94% used [0x0000000789980000,0x000000079a908030,0x000000079b880000)
  to   space 335872K, 0% used [0x0000000775180000,0x0000000775180000,0x0000000789980000)
 ParOldGen       total 1042432K, used 778865K [0x00000006c0000000, 0x00000006ffa00000, 0x000000076ab00000)
  object space 1042432K, 74% used [0x00000006c0000000,0x00000006ef89c578,0x00000006ffa00000)
 Metaspace       used 18110K, capacity 18572K, committed 18688K, reserved 1064960K
  class space    used 2391K, capacity 2508K, committed 2560K, reserved 1048576K
}
Event: 25.112 GC heap before
{Heap before GC invocations=24 (full 6):
 PSYoungGen      total 464384K, used 448544K [0x000000076ab00000, 0x00000007a0080000, 0x00000007c0000000)
  eden space 170496K, 100% used [0x000000076ab00000,0x0000000775180000,0x0000000775180000)
  from space 293888K, 94% used [0x0000000789980000,0x000000079a908030,0x000000079b880000)
  to   space 335872K, 0% used [0x0000000775180000,0x0000000775180000,0x0000000789980000)
 ParOldGen       total 1042432K, used 778865K [0x00000006c0000000, 0x00000006ffa00000, 0x000000076ab00000)
  object space 1042432K, 74% used [0x00000006c0000000,0x00000006ef89c578,0x00000006ffa00000)
 Metaspace       used 18110K, capacity 18572K, committed 18688K, reserved 1064960K
  class space    used 2391K, capacity 2508K, committed 2560K, reserved 1048576K
Event: 25.672 GC heap after
Heap after GC invocations=24 (full 6):
 PSYoungGen      total 506368K, used 335840K [0x000000076ab00000, 0x00000007a7c00000, 0x00000007c0000000)
  eden space 170496K, 0% used [0x000000076ab00000,0x000000076ab00000,0x0000000775180000)
  from space 335872K, 99% used [0x0000000775180000,0x0000000789978030,0x0000000789980000)
  to   space 400384K, 0% used [0x000000078f500000,0x000000078f500000,0x00000007a7c00000)
 ParOldGen       total 1042432K, used 805769K [0x00000006c0000000, 0x00000006ffa00000, 0x000000076ab00000)
  object space 1042432K, 77% used [0x00000006c0000000,0x00000006f12e2578,0x00000006ffa00000)
 Metaspace       used 18110K, capacity 18572K, committed 18688K, reserved 1064960K
  class space    used 2391K, capacity 2508K, committed 2560K, reserved 1048576K
}
Event: 26.368 GC heap before
{Heap before GC invocations=25 (full 6):
 PSYoungGen      total 506368K, used 506336K [0x000000076ab00000, 0x00000007a7c00000, 0x00000007c0000000)
  eden space 170496K, 100% used [0x000000076ab00000,0x0000000775180000,0x0000000775180000)
  from space 335872K, 99% used [0x0000000775180000,0x0000000789978030,0x0000000789980000)
  to   space 400384K, 0% used [0x000000078f500000,0x000000078f500000,0x00000007a7c00000)
 ParOldGen       total 1042432K, used 805769K [0x00000006c0000000, 0x00000006ffa00000, 0x000000076ab00000)
  object space 1042432K, 77% used [0x00000006c0000000,0x00000006f12e2578,0x00000006ffa00000)
 Metaspace       used 18110K, capacity 18572K, committed 18688K, reserved 1064960K
  class space    used 2391K, capacity 2508K, committed 2560K, reserved 1048576K
Event: 26.916 GC heap after
Heap after GC invocations=25 (full 6):
 PSYoungGen      total 534528K, used 400352K [0x000000076ab00000, 0x00000007afc80000, 0x00000007c0000000)
  eden space 134144K, 0% used [0x000000076ab00000,0x000000076ab00000,0x0000000772e00000)
  from space 400384K, 99% used [0x000000078f500000,0x00000007a7bf8030,0x00000007a7c00000)
  to   space 465920K, 0% used [0x0000000772e00000,0x0000000772e00000,0x000000078f500000)
 ParOldGen       total 1042432K, used 826121K [0x00000006c0000000, 0x00000006ffa00000, 0x000000076ab00000)
  object space 1042432K, 79% used [0x00000006c0000000,0x00000006f26c2578,0x00000006ffa00000)
 Metaspace       used 18110K, capacity 18572K, committed 18688K, reserved 1064960K
  class space    used 2391K, capacity 2508K, committed 2560K, reserved 1048576K
}
Event: 27.304 GC heap before
{Heap before GC invocations=26 (full 6):
 PSYoungGen      total 534528K, used 534496K [0x000000076ab00000, 0x00000007afc80000, 0x00000007c0000000)
  eden space 134144K, 100% used [0x000000076ab00000,0x0000000772e00000,0x0000000772e00000)
  from space 400384K, 99% used [0x000000078f500000,0x00000007a7bf8030,0x00000007a7c00000)
  to   space 465920K, 0% used [0x0000000772e00000,0x0000000772e00000,0x000000078f500000)
 ParOldGen       total 1042432K, used 826121K [0x00000006c0000000, 0x00000006ffa00000, 0x000000076ab00000)
  object space 1042432K, 79% used [0x00000006c0000000,0x00000006f26c2578,0x00000006ffa00000)
 Metaspace       used 18110K, capacity 18572K, committed 18688K, reserved 1064960K
  class space    used 2391K, capacity 2508K, committed 2560K, reserved 1048576K
Event: 28.038 GC heap after
Heap after GC invocations=26 (full 6):
 PSYoungGen      total 600064K, used 402912K [0x000000076ab00000, 0x00000007ad500000, 0x00000007c0000000)
  eden space 134144K, 0% used [0x000000076ab00000,0x000000076ab00000,0x0000000772e00000)
  from space 465920K, 86% used [0x0000000772e00000,0x000000078b778030,0x000000078f500000)
  to   space 465920K, 0% used [0x0000000790e00000,0x0000000790e00000,0x00000007ad500000)
 ParOldGen       total 1042432K, used 890361K [0x00000006c0000000, 0x00000006ffa00000, 0x000000076ab00000)
  object space 1042432K, 85% used [0x00000006c0000000,0x00000006f657e578,0x00000006ffa00000)
 Metaspace       used 18110K, capacity 18572K, committed 18688K, reserved 1064960K
  class space    used 2391K, capacity 2508K, committed 2560K, reserved 1048576K
}
Event: 28.788 GC heap before
{Heap before GC invocations=27 (full 6):
 PSYoungGen      total 600064K, used 537056K [0x000000076ab00000, 0x00000007ad500000, 0x00000007c0000000)
  eden space 134144K, 100% used [0x000000076ab00000,0x0000000772e00000,0x0000000772e00000)
  from space 465920K, 86% used [0x0000000772e00000,0x000000078b778030,0x000000078f500000)
  to   space 465920K, 0% used [0x0000000790e00000,0x0000000790e00000,0x00000007ad500000)
 ParOldGen       total 1133056K, used 1070585K [0x00000006c0000000, 0x0000000705280000, 0x000000076ab00000)
  object space 1133056K, 94% used [0x00000006c0000000,0x000000070157e598,0x0000000705280000)
 Metaspace       used 18110K, capacity 18572K, committed 18688K, reserved 1064960K
  class space    used 2391K, capacity 2508K, committed 2560K, reserved 1048576K
Event: 29.542 GC heap after
Heap after GC invocations=27 (full 6):
 PSYoungGen      total 625664K, used 310464K [0x000000076ab00000, 0x00000007ad500000, 0x00000007c0000000)
  eden space 159744K, 0% used [0x000000076ab00000,0x000000076ab00000,0x0000000774700000)
  from space 465920K, 66% used [0x0000000790e00000,0x00000007a3d30010,0x00000007ad500000)
  to   space 465920K, 0% used [0x0000000774700000,0x0000000774700000,0x0000000790e00000)
 ParOldGen       total 1140224K, used 1139777K [0x00000006c0000000, 0x0000000705980000, 0x000000076ab00000)
  object space 1140224K, 99% used [0x00000006c0000000,0x0000000705910598,0x0000000705980000)
 Metaspace       used 18110K, capacity 18572K, committed 18688K, reserved 1064960K
  class space    used 2391K, capacity 2508K, committed 2560K, reserved 1048576K
}
Event: 29.542 GC heap before
{Heap before GC invocations=28 (full 7):
 PSYoungGen      total 625664K, used 310464K [0x000000076ab00000, 0x00000007ad500000, 0x00000007c0000000)
  eden space 159744K, 0% used [0x000000076ab00000,0x000000076ab00000,0x0000000774700000)
  from space 465920K, 66% used [0x0000000790e00000,0x00000007a3d30010,0x00000007ad500000)
  to   space 465920K, 0% used [0x0000000774700000,0x0000000774700000,0x0000000790e00000)
 ParOldGen       total 1140224K, used 1139777K [0x00000006c0000000, 0x0000000705980000, 0x000000076ab00000)
  object space 1140224K, 99% used [0x00000006c0000000,0x0000000705910598,0x0000000705980000)
 Metaspace       used 18110K, capacity 18572K, committed 18688K, reserved 1064960K
  class space    used 2391K, capacity 2508K, committed 2560K, reserved 1048576K

