# JRE version: OpenJDK Runtime Environment (8.0_131-b11) (build 1.8.0_131-8u131-b11-2ubuntu1.16.04.3-b11)
# Java VM: OpenJDK 64-Bit Server VM (25.131-b11 mixed mode linux-amd64 compressed oops)
Heap:
 PSYoungGen      total 668160K, used 302092K [0x000000076ab00000, 0x00000007b0080000, 0x00000007c0000000)
  eden space 202240K, 0% used [0x000000076ab00000,0x000000076ab00000,0x0000000777080000)
  from space 465920K, 64% used [0x0000000793780000,0x00000007a5e833c8,0x00000007afe80000)
  to   space 465920K, 0% used [0x0000000777080000,0x0000000777080000,0x0000000793780000)
 ParOldGen       total 922112K, used 896500K [0x00000006c0000000, 0x00000006f8480000, 0x000000076ab00000)
  object space 922112K, 97% used [0x00000006c0000000,0x00000006f6b7d290,0x00000006f8480000)
 Metaspace       used 18111K, capacity 18572K, committed 18688K, reserved 1064960K
  class space    used 2391K, capacity 2508K, committed 2560K, reserved 1048576K
GC Heap History (10 events):
Event: 22.550 GC heap after
Heap after GC invocations=23 (full 4):
 PSYoungGen      total 602112K, used 415200K [0x000000076ab00000, 0x00000007add00000, 0x00000007c0000000)
  eden space 136192K, 0% used [0x000000076ab00000,0x000000076ab00000,0x0000000773000000)
  from space 465920K, 89% used [0x0000000773000000,0x000000078c578030,0x000000078f700000)
  to   space 465920K, 0% used [0x0000000791600000,0x0000000791600000,0x00000007add00000)
 ParOldGen       total 650240K, used 550216K [0x00000006c0000000, 0x00000006e7b00000, 0x000000076ab00000)
  object space 650240K, 84% used [0x00000006c0000000,0x00000006e1952068,0x00000006e7b00000)
 Metaspace       used 18111K, capacity 18572K, committed 18688K, reserved 1064960K
  class space    used 2391K, capacity 2508K, committed 2560K, reserved 1048576K
}
Event: 23.196 GC heap before
{Heap before GC invocations=24 (full 4):
 PSYoungGen      total 602112K, used 551392K [0x000000076ab00000, 0x00000007add00000, 0x00000007c0000000)
  eden space 136192K, 100% used [0x000000076ab00000,0x0000000773000000,0x0000000773000000)
  from space 465920K, 89% used [0x0000000773000000,0x000000078c578030,0x000000078f700000)
  to   space 465920K, 0% used [0x0000000791600000,0x0000000791600000,0x00000007add00000)
 ParOldGen       total 650240K, used 550216K [0x00000006c0000000, 0x00000006e7b00000, 0x000000076ab00000)
  object space 650240K, 84% used [0x00000006c0000000,0x00000006e1952068,0x00000006e7b00000)
 Metaspace       used 18111K, capacity 18572K, committed 18688K, reserved 1064960K
  class space    used 2391K, capacity 2508K, committed 2560K, reserved 1048576K
Event: 23.797 GC heap after
Heap after GC invocations=24 (full 4):
 PSYoungGen      total 633856K, used 401664K [0x000000076ab00000, 0x00000007add00000, 0x00000007c0000000)
  eden space 167936K, 0% used [0x000000076ab00000,0x000000076ab00000,0x0000000774f00000)
  from space 465920K, 86% used [0x0000000791600000,0x00000007a9e40030,0x00000007add00000)
  to   space 465920K, 0% used [0x0000000774f00000,0x0000000774f00000,0x0000000791600000)
 ParOldGen       total 650240K, used 631592K [0x00000006c0000000, 0x00000006e7b00000, 0x000000076ab00000)
  object space 650240K, 97% used [0x00000006c0000000,0x00000006e68ca068,0x00000006e7b00000)
 Metaspace       used 18111K, capacity 18572K, committed 18688K, reserved 1064960K
  class space    used 2391K, capacity 2508K, committed 2560K, reserved 1048576K
}
Event: 23.797 GC heap before
{Heap before GC invocations=25 (full 5):
 PSYoungGen      total 633856K, used 401664K [0x000000076ab00000, 0x00000007add00000, 0x00000007c0000000)
  eden space 167936K, 0% used [0x000000076ab00000,0x000000076ab00000,0x0000000774f00000)
  from space 465920K, 86% used [0x0000000791600000,0x00000007a9e40030,0x00000007add00000)
  to   space 465920K, 0% used [0x0000000774f00000,0x0000000774f00000,0x0000000791600000)
 ParOldGen       total 650240K, used 631592K [0x00000006c0000000, 0x00000006e7b00000, 0x000000076ab00000)
  object space 650240K, 97% used [0x00000006c0000000,0x00000006e68ca068,0x00000006e7b00000)
 Metaspace       used 18111K, capacity 18572K, committed 18688K, reserved 1064960K
  class space    used 2391K, capacity 2508K, committed 2560K, reserved 1048576K
Event: 28.296 GC heap after
Heap after GC invocations=25 (full 5):
 PSYoungGen      total 633856K, used 390002K [0x000000076ab00000, 0x00000007add00000, 0x00000007c0000000)
  eden space 167936K, 0% used [0x000000076ab00000,0x000000076ab00000,0x0000000774f00000)
  from space 465920K, 83% used [0x0000000791600000,0x00000007a92dcae8,0x00000007add00000)
  to   space 465920K, 0% used [0x0000000774f00000,0x0000000774f00000,0x0000000791600000)
 ParOldGen       total 922112K, used 641885K [0x00000006c0000000, 0x00000006f8480000, 0x000000076ab00000)
  object space 922112K, 69% used [0x00000006c0000000,0x00000006e72d7618,0x00000006f8480000)
 Metaspace       used 18111K, capacity 18572K, committed 18688K, reserved 1064960K
  class space    used 2391K, capacity 2508K, committed 2560K, reserved 1048576K
}
Event: 28.851 GC heap before
{Heap before GC invocations=26 (full 5):
 PSYoungGen      total 633856K, used 557938K [0x000000076ab00000, 0x00000007add00000, 0x00000007c0000000)
  eden space 167936K, 100% used [0x000000076ab00000,0x0000000774f00000,0x0000000774f00000)
  from space 465920K, 83% used [0x0000000791600000,0x00000007a92dcae8,0x00000007add00000)
  to   space 465920K, 0% used [0x0000000774f00000,0x0000000774f00000,0x0000000791600000)
 ParOldGen       total 922112K, used 641885K [0x00000006c0000000, 0x00000006f8480000, 0x000000076ab00000)
  object space 922112K, 69% used [0x00000006c0000000,0x00000006e72d7618,0x00000006f8480000)
 Metaspace       used 18111K, capacity 18572K, committed 18688K, reserved 1064960K
  class space    used 2391K, capacity 2508K, committed 2560K, reserved 1048576K
Event: 29.618 GC heap after
Heap after GC invocations=26 (full 5):
 PSYoungGen      total 633856K, used 372288K [0x000000076ab00000, 0x00000007afe80000, 0x00000007c0000000)
  eden space 167936K, 0% used [0x000000076ab00000,0x000000076ab00000,0x0000000774f00000)
  from space 465920K, 79% used [0x0000000774f00000,0x000000078ba90020,0x0000000791600000)
  to   space 465920K, 0% used [0x0000000793780000,0x0000000793780000,0x00000007afe80000)
 ParOldGen       total 922112K, used 743709K [0x00000006c0000000, 0x00000006f8480000, 0x000000076ab00000)
  object space 922112K, 80% used [0x00000006c0000000,0x00000006ed647618,0x00000006f8480000)
 Metaspace       used 18111K, capacity 18572K, committed 18688K, reserved 1064960K
  class space    used 2391K, capacity 2508K, committed 2560K, reserved 1048576K
}
Event: 30.138 GC heap before
{Heap before GC invocations=27 (full 5):
 PSYoungGen      total 633856K, used 540224K [0x000000076ab00000, 0x00000007afe80000, 0x00000007c0000000)
  eden space 167936K, 100% used [0x000000076ab00000,0x0000000774f00000,0x0000000774f00000)
  from space 465920K, 79% used [0x0000000774f00000,0x000000078ba90020,0x0000000791600000)
  to   space 465920K, 0% used [0x0000000793780000,0x0000000793780000,0x00000007afe80000)
 ParOldGen       total 922112K, used 743709K [0x00000006c0000000, 0x00000006f8480000, 0x000000076ab00000)
  object space 922112K, 80% used [0x00000006c0000000,0x00000006ed647618,0x00000006f8480000)
 Metaspace       used 18111K, capacity 18572K, committed 18688K, reserved 1064960K
  class space    used 2391K, capacity 2508K, committed 2560K, reserved 1048576K
Event: 30.808 GC heap after
Heap after GC invocations=27 (full 5):
 PSYoungGen      total 668160K, used 347552K [0x000000076ab00000, 0x00000007b0080000, 0x00000007c0000000)
  eden space 202240K, 0% used [0x000000076ab00000,0x000000076ab00000,0x0000000777080000)
  from space 465920K, 74% used [0x0000000793780000,0x00000007a8ae8020,0x00000007afe80000)
  to   space 465920K, 0% used [0x0000000777080000,0x0000000777080000,0x0000000793780000)
 ParOldGen       total 922112K, used 852357K [0x00000006c0000000, 0x00000006f8480000, 0x000000076ab00000)
  object space 922112K, 92% used [0x00000006c0000000,0x00000006f4061618,0x00000006f8480000)
 Metaspace       used 18111K, capacity 18572K, committed 18688K, reserved 1064960K
  class space    used 2391K, capacity 2508K, committed 2560K, reserved 1048576K
}
Event: 30.808 GC heap before
{Heap before GC invocations=28 (full 6):
 PSYoungGen      total 668160K, used 347552K [0x000000076ab00000, 0x00000007b0080000, 0x00000007c0000000)
  eden space 202240K, 0% used [0x000000076ab00000,0x000000076ab00000,0x0000000777080000)
  from space 465920K, 74% used [0x0000000793780000,0x00000007a8ae8020,0x00000007afe80000)
  to   space 465920K, 0% used [0x0000000777080000,0x0000000777080000,0x0000000793780000)
 ParOldGen       total 922112K, used 852357K [0x00000006c0000000, 0x00000006f8480000, 0x000000076ab00000)
  object space 922112K, 92% used [0x00000006c0000000,0x00000006f4061618,0x00000006f8480000)
 Metaspace       used 18111K, capacity 18572K, committed 18688K, reserved 1064960K
  class space    used 2391K, capacity 2508K, committed 2560K, reserved 1048576K

