# JRE version: OpenJDK Runtime Environment (8.0_131-b11) (build 1.8.0_131-8u131-b11-2ubuntu1.16.04.3-b11)
# Java VM: OpenJDK 64-Bit Server VM (25.131-b11 mixed mode linux-amd64 compressed oops)
Heap:
 PSYoungGen      total 591872K, used 219875K [0x000000076ab00000, 0x00000007ae600000, 0x00000007c0000000)
  eden space 228352K, 0% used [0x000000076ab00000,0x000000076ab00000,0x0000000778a00000)
  from space 363520K, 60% used [0x0000000778a00000,0x00000007860b8d88,0x000000078ed00000)
  to   space 420864K, 0% used [0x0000000794b00000,0x0000000794b00000,0x00000007ae600000)
 ParOldGen       total 948736K, used 948690K [0x00000006c0000000, 0x00000006f9e80000, 0x000000076ab00000)
  object space 948736K, 99% used [0x00000006c0000000,0x00000006f9e74ad0,0x00000006f9e80000)
 Metaspace       used 18125K, capacity 18572K, committed 18688K, reserved 1064960K
  class space    used 2391K, capacity 2508K, committed 2560K, reserved 1048576K
GC Heap History (10 events):
Event: 20.049 GC heap after
Heap after GC invocations=20 (full 4):
 PSYoungGen      total 567296K, used 179648K [0x000000076ab00000, 0x00000007a3f00000, 0x00000007c0000000)
  eden space 209920K, 0% used [0x000000076ab00000,0x000000076ab00000,0x0000000777800000)
  from space 357376K, 50% used [0x000000078e200000,0x0000000799170030,0x00000007a3f00000)
  to   space 364032K, 0% used [0x0000000777800000,0x0000000777800000,0x000000078db80000)
 ParOldGen       total 669184K, used 668051K [0x00000006c0000000, 0x00000006e8d80000, 0x000000076ab00000)
  object space 669184K, 99% used [0x00000006c0000000,0x00000006e8c64d30,0x00000006e8d80000)
 Metaspace       used 18125K, capacity 18572K, committed 18688K, reserved 1064960K
  class space    used 2391K, capacity 2508K, committed 2560K, reserved 1048576K
}
Event: 20.049 GC heap before
{Heap before GC invocations=21 (full 5):
 PSYoungGen      total 567296K, used 179648K [0x000000076ab00000, 0x00000007a3f00000, 0x00000007c0000000)
  eden space 209920K, 0% used [0x000000076ab00000,0x000000076ab00000,0x0000000777800000)
  from space 357376K, 50% used [0x000000078e200000,0x0000000799170030,0x00000007a3f00000)
  to   space 364032K, 0% used [0x0000000777800000,0x0000000777800000,0x000000078db80000)
 ParOldGen       total 669184K, used 668051K [0x00000006c0000000, 0x00000006e8d80000, 0x000000076ab00000)
  object space 669184K, 99% used [0x00000006c0000000,0x00000006e8c64d30,0x00000006e8d80000)
 Metaspace       used 18125K, capacity 18572K, committed 18688K, reserved 1064960K
  class space    used 2391K, capacity 2508K, committed 2560K, reserved 1048576K
Event: 23.650 GC heap after
Heap after GC invocations=21 (full 5):
 PSYoungGen      total 567296K, used 179437K [0x000000076ab00000, 0x00000007a3f00000, 0x00000007c0000000)
  eden space 209920K, 0% used [0x000000076ab00000,0x000000076ab00000,0x0000000777800000)
  from space 357376K, 50% used [0x000000078e200000,0x000000079913b538,0x00000007a3f00000)
  to   space 364032K, 0% used [0x0000000777800000,0x0000000777800000,0x000000078db80000)
 ParOldGen       total 948736K, used 667210K [0x00000006c0000000, 0x00000006f9e80000, 0x000000076ab00000)
  object space 948736K, 70% used [0x00000006c0000000,0x00000006e8b92810,0x00000006f9e80000)
 Metaspace       used 18125K, capacity 18572K, committed 18688K, reserved 1064960K
  class space    used 2391K, capacity 2508K, committed 2560K, reserved 1048576K
}
Event: 23.981 GC heap before
{Heap before GC invocations=22 (full 5):
 PSYoungGen      total 567296K, used 389357K [0x000000076ab00000, 0x00000007a3f00000, 0x00000007c0000000)
  eden space 209920K, 100% used [0x000000076ab00000,0x0000000777800000,0x0000000777800000)
  from space 357376K, 50% used [0x000000078e200000,0x000000079913b538,0x00000007a3f00000)
  to   space 364032K, 0% used [0x0000000777800000,0x0000000777800000,0x000000078db80000)
 ParOldGen       total 948736K, used 667210K [0x00000006c0000000, 0x00000006f9e80000, 0x000000076ab00000)
  object space 948736K, 70% used [0x00000006c0000000,0x00000006e8b92810,0x00000006f9e80000)
 Metaspace       used 18125K, capacity 18572K, committed 18688K, reserved 1064960K
  class space    used 2391K, capacity 2508K, committed 2560K, reserved 1048576K
Event: 24.543 GC heap after
Heap after GC invocations=22 (full 5):
 PSYoungGen      total 573952K, used 155328K [0x000000076ab00000, 0x00000007a3c80000, 0x00000007c0000000)
  eden space 209920K, 0% used [0x000000076ab00000,0x000000076ab00000,0x0000000777800000)
  from space 364032K, 42% used [0x0000000777800000,0x0000000780fb0030,0x000000078db80000)
  to   space 343552K, 0% used [0x000000078ed00000,0x000000078ed00000,0x00000007a3c80000)
 ParOldGen       total 948736K, used 796538K [0x00000006c0000000, 0x00000006f9e80000, 0x000000076ab00000)
  object space 948736K, 83% used [0x00000006c0000000,0x00000006f09de810,0x00000006f9e80000)
 Metaspace       used 18125K, capacity 18572K, committed 18688K, reserved 1064960K
  class space    used 2391K, capacity 2508K, committed 2560K, reserved 1048576K
}
Event: 25.638 GC heap before
{Heap before GC invocations=23 (full 5):
 PSYoungGen      total 573952K, used 365248K [0x000000076ab00000, 0x00000007a3c80000, 0x00000007c0000000)
  eden space 209920K, 100% used [0x000000076ab00000,0x0000000777800000,0x0000000777800000)
  from space 364032K, 42% used [0x0000000777800000,0x0000000780fb0030,0x000000078db80000)
  to   space 343552K, 0% used [0x000000078ed00000,0x000000078ed00000,0x00000007a3c80000)
 ParOldGen       total 948736K, used 796538K [0x00000006c0000000, 0x00000006f9e80000, 0x000000076ab00000)
  object space 948736K, 83% used [0x00000006c0000000,0x00000006f09de810,0x00000006f9e80000)
 Metaspace       used 18125K, capacity 18572K, committed 18688K, reserved 1064960K
  class space    used 2391K, capacity 2508K, committed 2560K, reserved 1048576K
Event: 25.999 GC heap after
Heap after GC invocations=23 (full 5):
 PSYoungGen      total 571904K, used 259488K [0x000000076ab00000, 0x00000007a6280000, 0x00000007c0000000)
  eden space 228352K, 0% used [0x000000076ab00000,0x000000076ab00000,0x0000000778a00000)
  from space 343552K, 75% used [0x000000078ed00000,0x000000079ea68030,0x00000007a3c80000)
  to   space 363520K, 0% used [0x0000000778a00000,0x0000000778a00000,0x000000078ed00000)
 ParOldGen       total 948736K, used 796538K [0x00000006c0000000, 0x00000006f9e80000, 0x000000076ab00000)
  object space 948736K, 83% used [0x00000006c0000000,0x00000006f09de810,0x00000006f9e80000)
 Metaspace       used 18125K, capacity 18572K, committed 18688K, reserved 1064960K
  class space    used 2391K, capacity 2508K, committed 2560K, reserved 1048576K
}
Event: 27.512 GC heap before
{Heap before GC invocations=24 (full 5):
 PSYoungGen      total 571904K, used 487840K [0x000000076ab00000, 0x00000007a6280000, 0x00000007c0000000)
  eden space 228352K, 100% used [0x000000076ab00000,0x0000000778a00000,0x0000000778a00000)
  from space 343552K, 75% used [0x000000078ed00000,0x000000079ea68030,0x00000007a3c80000)
  to   space 363520K, 0% used [0x0000000778a00000,0x0000000778a00000,0x000000078ed00000)
 ParOldGen       total 948736K, used 796538K [0x00000006c0000000, 0x00000006f9e80000, 0x000000076ab00000)
  object space 948736K, 83% used [0x00000006c0000000,0x00000006f09de810,0x00000006f9e80000)
 Metaspace       used 18125K, capacity 18572K, committed 18688K, reserved 1064960K
  class space    used 2391K, capacity 2508K, committed 2560K, reserved 1048576K
Event: 27.825 GC heap after
Heap after GC invocations=24 (full 5):
 PSYoungGen      total 591872K, used 363488K [0x000000076ab00000, 0x00000007ae600000, 0x00000007c0000000)
  eden space 228352K, 0% used [0x000000076ab00000,0x000000076ab00000,0x0000000778a00000)
  from space 363520K, 99% used [0x0000000778a00000,0x000000078ecf8030,0x000000078ed00000)
  to   space 420864K, 0% used [0x0000000794b00000,0x0000000794b00000,0x00000007ae600000)
 ParOldGen       total 948736K, used 806002K [0x00000006c0000000, 0x00000006f9e80000, 0x000000076ab00000)
  object space 948736K, 84% used [0x00000006c0000000,0x00000006f131c810,0x00000006f9e80000)
 Metaspace       used 18125K, capacity 18572K, committed 18688K, reserved 1064960K
  class space    used 2391K, capacity 2508K, committed 2560K, reserved 1048576K
}
Event: 27.825 GC heap before
{Heap before GC invocations=25 (full 6):
 PSYoungGen      total 591872K, used 363488K [0x000000076ab00000, 0x00000007ae600000, 0x00000007c0000000)
  eden space 228352K, 0% used [0x000000076ab00000,0x000000076ab00000,0x0000000778a00000)
  from space 363520K, 99% used [0x0000000778a00000,0x000000078ecf8030,0x000000078ed00000)
  to   space 420864K, 0% used [0x0000000794b00000,0x0000000794b00000,0x00000007ae600000)
 ParOldGen       total 948736K, used 806002K [0x00000006c0000000, 0x00000006f9e80000, 0x000000076ab00000)
  object space 948736K, 84% used [0x00000006c0000000,0x00000006f131c810,0x00000006f9e80000)
 Metaspace       used 18125K, capacity 18572K, committed 18688K, reserved 1064960K
  class space    used 2391K, capacity 2508K, committed 2560K, reserved 1048576K

