# JRE version: OpenJDK Runtime Environment (8.0_131-b11) (build 1.8.0_131-8u131-b11-2ubuntu1.16.04.3-b11)
# Java VM: OpenJDK 64-Bit Server VM (25.131-b11 mixed mode linux-amd64 compressed oops)
Heap:
 PSYoungGen      total 605696K, used 341472K [0x000000076ab00000, 0x00000007a5d80000, 0x00000007c0000000)
  eden space 264192K, 0% used [0x000000076ab00000,0x000000076ab00000,0x000000077ad00000)
  from space 341504K, 99% used [0x000000077ad00000,0x000000078fa78020,0x000000078fa80000)
  to   space 325632K, 0% used [0x000000078fa80000,0x000000078fa80000,0x00000007a3880000)
 ParOldGen       total 1349632K, used 1036500K [0x00000006c0000000, 0x0000000712600000, 0x000000076ab00000)
  object space 1349632K, 76% used [0x00000006c0000000,0x00000006ff435128,0x0000000712600000)
 Metaspace       used 18117K, capacity 18508K, committed 18688K, reserved 1064960K
  class space    used 2391K, capacity 2508K, committed 2560K, reserved 1048576K
GC Heap History (10 events):
Event: 24.480 GC heap after
Heap after GC invocations=22 (full 5):
 PSYoungGen      total 561152K, used 206006K [0x000000076ab00000, 0x00000007a5a80000, 0x00000007c0000000)
  eden space 203264K, 0% used [0x000000076ab00000,0x000000076ab00000,0x0000000777180000)
  from space 357888K, 57% used [0x0000000777180000,0x0000000783aadb50,0x000000078cf00000)
  to   space 358400K, 0% used [0x000000078fc80000,0x000000078fc80000,0x00000007a5a80000)
 ParOldGen       total 980480K, used 684089K [0x00000006c0000000, 0x00000006fbd80000, 0x000000076ab00000)
  object space 980480K, 69% used [0x00000006c0000000,0x00000006e9c0e598,0x00000006fbd80000)
 Metaspace       used 18117K, capacity 18508K, committed 18688K, reserved 1064960K
  class space    used 2391K, capacity 2508K, committed 2560K, reserved 1048576K
}
Event: 24.761 GC heap before
{Heap before GC invocations=23 (full 5):
 PSYoungGen      total 561152K, used 409270K [0x000000076ab00000, 0x00000007a5a80000, 0x00000007c0000000)
  eden space 203264K, 100% used [0x000000076ab00000,0x0000000777180000,0x0000000777180000)
  from space 357888K, 57% used [0x0000000777180000,0x0000000783aadb50,0x000000078cf00000)
  to   space 358400K, 0% used [0x000000078fc80000,0x000000078fc80000,0x00000007a5a80000)
 ParOldGen       total 980480K, used 684089K [0x00000006c0000000, 0x00000006fbd80000, 0x000000076ab00000)
  object space 980480K, 69% used [0x00000006c0000000,0x00000006e9c0e598,0x00000006fbd80000)
 Metaspace       used 18117K, capacity 18508K, committed 18688K, reserved 1064960K
  class space    used 2391K, capacity 2508K, committed 2560K, reserved 1048576K
Event: 25.877 GC heap after
Heap after GC invocations=23 (full 5):
 PSYoungGen      total 553472K, used 152000K [0x000000076ab00000, 0x00000007a2c00000, 0x00000007c0000000)
  eden space 242688K, 0% used [0x000000076ab00000,0x000000076ab00000,0x0000000779800000)
  from space 310784K, 48% used [0x000000078fc80000,0x00000007990f0030,0x00000007a2c00000)
  to   space 337920K, 0% used [0x0000000779800000,0x0000000779800000,0x000000078e200000)
 ParOldGen       total 980480K, used 845761K [0x00000006c0000000, 0x00000006fbd80000, 0x000000076ab00000)
  object space 980480K, 86% used [0x00000006c0000000,0x00000006f39f0598,0x00000006fbd80000)
 Metaspace       used 18117K, capacity 18508K, committed 18688K, reserved 1064960K
  class space    used 2391K, capacity 2508K, committed 2560K, reserved 1048576K
}
Event: 25.877 GC heap before
{Heap before GC invocations=24 (full 6):
 PSYoungGen      total 553472K, used 152000K [0x000000076ab00000, 0x00000007a2c00000, 0x00000007c0000000)
  eden space 242688K, 0% used [0x000000076ab00000,0x000000076ab00000,0x0000000779800000)
  from space 310784K, 48% used [0x000000078fc80000,0x00000007990f0030,0x00000007a2c00000)
  to   space 337920K, 0% used [0x0000000779800000,0x0000000779800000,0x000000078e200000)
 ParOldGen       total 980480K, used 845761K [0x00000006c0000000, 0x00000006fbd80000, 0x000000076ab00000)
  object space 980480K, 86% used [0x00000006c0000000,0x00000006f39f0598,0x00000006fbd80000)
 Metaspace       used 18117K, capacity 18508K, committed 18688K, reserved 1064960K
  class space    used 2391K, capacity 2508K, committed 2560K, reserved 1048576K
Event: 28.556 GC heap after
Heap after GC invocations=24 (full 6):
 PSYoungGen      total 553472K, used 11146K [0x000000076ab00000, 0x00000007a2c00000, 0x00000007c0000000)
  eden space 242688K, 0% used [0x000000076ab00000,0x000000076ab00000,0x0000000779800000)
  from space 310784K, 3% used [0x000000078fc80000,0x0000000790762b48,0x00000007a2c00000)
  to   space 337920K, 0% used [0x0000000779800000,0x0000000779800000,0x000000078e200000)
 ParOldGen       total 1349632K, used 980164K [0x00000006c0000000, 0x0000000712600000, 0x000000076ab00000)
  object space 1349632K, 72% used [0x00000006c0000000,0x00000006fbd31128,0x0000000712600000)
 Metaspace       used 18117K, capacity 18508K, committed 18688K, reserved 1064960K
  class space    used 2391K, capacity 2508K, committed 2560K, reserved 1048576K
}
Event: 29.475 GC heap before
{Heap before GC invocations=25 (full 6):
 PSYoungGen      total 553472K, used 253834K [0x000000076ab00000, 0x00000007a2c00000, 0x00000007c0000000)
  eden space 242688K, 100% used [0x000000076ab00000,0x0000000779800000,0x0000000779800000)
  from space 310784K, 3% used [0x000000078fc80000,0x0000000790762b48,0x00000007a2c00000)
  to   space 337920K, 0% used [0x0000000779800000,0x0000000779800000,0x000000078e200000)
 ParOldGen       total 1349632K, used 980164K [0x00000006c0000000, 0x0000000712600000, 0x000000076ab00000)
  object space 1349632K, 72% used [0x00000006c0000000,0x00000006fbd31128,0x0000000712600000)
 Metaspace       used 18117K, capacity 18508K, committed 18688K, reserved 1064960K
  class space    used 2391K, capacity 2508K, committed 2560K, reserved 1048576K
Event: 29.905 GC heap after
Heap after GC invocations=25 (full 6):
 PSYoungGen      total 580608K, used 120512K [0x000000076ab00000, 0x00000007a3880000, 0x00000007c0000000)
  eden space 242688K, 0% used [0x000000076ab00000,0x000000076ab00000,0x0000000779800000)
  from space 337920K, 35% used [0x0000000779800000,0x0000000780db0000,0x000000078e200000)
  to   space 325632K, 0% used [0x000000078fa80000,0x000000078fa80000,0x00000007a3880000)
 ParOldGen       total 1349632K, used 991380K [0x00000006c0000000, 0x0000000712600000, 0x000000076ab00000)
  object space 1349632K, 73% used [0x00000006c0000000,0x00000006fc825128,0x0000000712600000)
 Metaspace       used 18117K, capacity 18508K, committed 18688K, reserved 1064960K
  class space    used 2391K, capacity 2508K, committed 2560K, reserved 1048576K
}
Event: 30.519 GC heap before
{Heap before GC invocations=26 (full 6):
 PSYoungGen      total 580608K, used 363200K [0x000000076ab00000, 0x00000007a3880000, 0x00000007c0000000)
  eden space 242688K, 100% used [0x000000076ab00000,0x0000000779800000,0x0000000779800000)
  from space 337920K, 35% used [0x0000000779800000,0x0000000780db0000,0x000000078e200000)
  to   space 325632K, 0% used [0x000000078fa80000,0x000000078fa80000,0x00000007a3880000)
 ParOldGen       total 1349632K, used 991380K [0x00000006c0000000, 0x0000000712600000, 0x000000076ab00000)
  object space 1349632K, 73% used [0x00000006c0000000,0x00000006fc825128,0x0000000712600000)
 Metaspace       used 18117K, capacity 18508K, committed 18688K, reserved 1064960K
  class space    used 2391K, capacity 2508K, committed 2560K, reserved 1048576K
Event: 31.286 GC heap after
Heap after GC invocations=26 (full 6):
 PSYoungGen      total 589824K, used 241088K [0x000000076ab00000, 0x00000007a5d80000, 0x00000007c0000000)
  eden space 264192K, 0% used [0x000000076ab00000,0x000000076ab00000,0x000000077ad00000)
  from space 325632K, 74% used [0x000000078fa80000,0x000000079e5f0000,0x00000007a3880000)
  to   space 341504K, 0% used [0x000000077ad00000,0x000000077ad00000,0x000000078fa80000)
 ParOldGen       total 1349632K, used 991380K [0x00000006c0000000, 0x0000000712600000, 0x000000076ab00000)
  object space 1349632K, 73% used [0x00000006c0000000,0x00000006fc825128,0x0000000712600000)
 Metaspace       used 18117K, capacity 18508K, committed 18688K, reserved 1064960K
  class space    used 2391K, capacity 2508K, committed 2560K, reserved 1048576K
}
Event: 31.560 GC heap before
{Heap before GC invocations=27 (full 6):
 PSYoungGen      total 589824K, used 422299K [0x000000076ab00000, 0x00000007a5d80000, 0x00000007c0000000)
  eden space 264192K, 68% used [0x000000076ab00000,0x0000000775bf6ec0,0x000000077ad00000)
  from space 325632K, 74% used [0x000000078fa80000,0x000000079e5f0000,0x00000007a3880000)
  to   space 341504K, 0% used [0x000000077ad00000,0x000000077ad00000,0x000000078fa80000)
 ParOldGen       total 1349632K, used 991380K [0x00000006c0000000, 0x0000000712600000, 0x000000076ab00000)
  object space 1349632K, 73% used [0x00000006c0000000,0x00000006fc825128,0x0000000712600000)
 Metaspace       used 18117K, capacity 18508K, committed 18688K, reserved 1064960K
  class space    used 2391K, capacity 2508K, committed 2560K, reserved 1048576K

