# JRE version: OpenJDK Runtime Environment (8.0_131-b11) (build 1.8.0_131-8u131-b11-2ubuntu1.16.04.3-b11)
# Java VM: OpenJDK 64-Bit Server VM (25.131-b11 mixed mode linux-amd64 compressed oops)
Heap:
 PSYoungGen      total 544768K, used 99942K [0x000000076ab00000, 0x00000007a7600000, 0x00000007c0000000)
  eden space 204288K, 0% used [0x000000076ab00000,0x000000076ab00000,0x0000000777280000)
  from space 340480K, 29% used [0x000000078e200000,0x00000007943999f0,0x00000007a2e80000)
  to   space 376320K, 0% used [0x0000000777280000,0x0000000777280000,0x000000078e200000)
 ParOldGen       total 1280512K, used 1280176K [0x00000006c0000000, 0x000000070e280000, 0x000000076ab00000)
  object space 1280512K, 99% used [0x00000006c0000000,0x000000070e22c2e0,0x000000070e280000)
 Metaspace       used 18106K, capacity 18572K, committed 18688K, reserved 1064960K
  class space    used 2391K, capacity 2508K, committed 2560K, reserved 1048576K
GC Heap History (10 events):
Event: 25.705 GC heap after
Heap after GC invocations=28 (full 5):
 PSYoungGen      total 530432K, used 193760K [0x000000076ab00000, 0x00000007a2480000, 0x00000007c0000000)
  eden space 174592K, 0% used [0x000000076ab00000,0x000000076ab00000,0x0000000775580000)
  from space 355840K, 54% used [0x0000000775580000,0x00000007812b8010,0x000000078b100000)
  to   space 349184K, 0% used [0x000000078cf80000,0x000000078cf80000,0x00000007a2480000)
 ParOldGen       total 948224K, used 948195K [0x00000006c0000000, 0x00000006f9e00000, 0x000000076ab00000)
  object space 948224K, 99% used [0x00000006c0000000,0x00000006f9df8ea0,0x00000006f9e00000)
 Metaspace       used 18106K, capacity 18572K, committed 18688K, reserved 1064960K
  class space    used 2391K, capacity 2508K, committed 2560K, reserved 1048576K
}
Event: 25.705 GC heap before
{Heap before GC invocations=29 (full 6):
 PSYoungGen      total 530432K, used 193760K [0x000000076ab00000, 0x00000007a2480000, 0x00000007c0000000)
  eden space 174592K, 0% used [0x000000076ab00000,0x000000076ab00000,0x0000000775580000)
  from space 355840K, 54% used [0x0000000775580000,0x00000007812b8010,0x000000078b100000)
  to   space 349184K, 0% used [0x000000078cf80000,0x000000078cf80000,0x00000007a2480000)
 ParOldGen       total 948224K, used 948195K [0x00000006c0000000, 0x00000006f9e00000, 0x000000076ab00000)
  object space 948224K, 99% used [0x00000006c0000000,0x00000006f9df8ea0,0x00000006f9e00000)
 Metaspace       used 18106K, capacity 18572K, committed 18688K, reserved 1064960K
  class space    used 2391K, capacity 2508K, committed 2560K, reserved 1048576K
Event: 28.763 GC heap after
Heap after GC invocations=29 (full 6):
 PSYoungGen      total 530432K, used 141854K [0x000000076ab00000, 0x00000007a2480000, 0x00000007c0000000)
  eden space 174592K, 0% used [0x000000076ab00000,0x000000076ab00000,0x0000000775580000)
  from space 355840K, 39% used [0x0000000775580000,0x000000077e007b20,0x000000078b100000)
  to   space 349184K, 0% used [0x000000078cf80000,0x000000078cf80000,0x00000007a2480000)
 ParOldGen       total 1280512K, used 948174K [0x00000006c0000000, 0x000000070e280000, 0x000000076ab00000)
  object space 1280512K, 74% used [0x00000006c0000000,0x00000006f9df3ac8,0x000000070e280000)
 Metaspace       used 18106K, capacity 18572K, committed 18688K, reserved 1064960K
  class space    used 2391K, capacity 2508K, committed 2560K, reserved 1048576K
}
Event: 29.362 GC heap before
{Heap before GC invocations=30 (full 6):
 PSYoungGen      total 530432K, used 316446K [0x000000076ab00000, 0x00000007a2480000, 0x00000007c0000000)
  eden space 174592K, 100% used [0x000000076ab00000,0x0000000775580000,0x0000000775580000)
  from space 355840K, 39% used [0x0000000775580000,0x000000077e007b20,0x000000078b100000)
  to   space 349184K, 0% used [0x000000078cf80000,0x000000078cf80000,0x00000007a2480000)
 ParOldGen       total 1280512K, used 948174K [0x00000006c0000000, 0x000000070e280000, 0x000000076ab00000)
  object space 1280512K, 74% used [0x00000006c0000000,0x00000006f9df3ac8,0x000000070e280000)
 Metaspace       used 18106K, capacity 18572K, committed 18688K, reserved 1064960K
  class space    used 2391K, capacity 2508K, committed 2560K, reserved 1048576K
Event: 30.027 GC heap after
Heap after GC invocations=30 (full 6):
 PSYoungGen      total 542208K, used 86912K [0x000000076ab00000, 0x00000007a1580000, 0x00000007c0000000)
  eden space 208384K, 0% used [0x000000076ab00000,0x000000076ab00000,0x0000000777680000)
  from space 333824K, 26% used [0x000000078cf80000,0x0000000792460000,0x00000007a1580000)
  to   space 343552K, 0% used [0x0000000777680000,0x0000000777680000,0x000000078c600000)
 ParOldGen       total 1280512K, used 1090646K [0x00000006c0000000, 0x000000070e280000, 0x000000076ab00000)
  object space 1280512K, 85% used [0x00000006c0000000,0x0000000702915ac8,0x000000070e280000)
 Metaspace       used 18106K, capacity 18572K, committed 18688K, reserved 1064960K
  class space    used 2391K, capacity 2508K, committed 2560K, reserved 1048576K
}
Event: 30.499 GC heap before
{Heap before GC invocations=31 (full 6):
 PSYoungGen      total 542208K, used 288114K [0x000000076ab00000, 0x00000007a1580000, 0x00000007c0000000)
  eden space 208384K, 96% used [0x000000076ab00000,0x0000000776f7c9a0,0x0000000777680000)
  from space 333824K, 26% used [0x000000078cf80000,0x0000000792460000,0x00000007a1580000)
  to   space 343552K, 0% used [0x0000000777680000,0x0000000777680000,0x000000078c600000)
 ParOldGen       total 1280512K, used 1090646K [0x00000006c0000000, 0x000000070e280000, 0x000000076ab00000)
  object space 1280512K, 85% used [0x00000006c0000000,0x0000000702915ac8,0x000000070e280000)
 Metaspace       used 18106K, capacity 18572K, committed 18688K, reserved 1064960K
  class space    used 2391K, capacity 2508K, committed 2560K, reserved 1048576K
Event: 31.029 GC heap after
Heap after GC invocations=31 (full 6):
 PSYoungGen      total 551936K, used 197568K [0x000000076ab00000, 0x00000007a2e80000, 0x00000007c0000000)
  eden space 208384K, 0% used [0x000000076ab00000,0x000000076ab00000,0x0000000777680000)
  from space 343552K, 57% used [0x0000000777680000,0x0000000783770010,0x000000078c600000)
  to   space 340480K, 0% used [0x000000078e200000,0x000000078e200000,0x00000007a2e80000)
 ParOldGen       total 1280512K, used 1090646K [0x00000006c0000000, 0x000000070e280000, 0x000000076ab00000)
  object space 1280512K, 85% used [0x00000006c0000000,0x0000000702915ac8,0x000000070e280000)
 Metaspace       used 18106K, capacity 18572K, committed 18688K, reserved 1064960K
  class space    used 2391K, capacity 2508K, committed 2560K, reserved 1048576K
}
Event: 31.489 GC heap before
{Heap before GC invocations=32 (full 6):
 PSYoungGen      total 551936K, used 405952K [0x000000076ab00000, 0x00000007a2e80000, 0x00000007c0000000)
  eden space 208384K, 100% used [0x000000076ab00000,0x0000000777680000,0x0000000777680000)
  from space 343552K, 57% used [0x0000000777680000,0x0000000783770010,0x000000078c600000)
  to   space 340480K, 0% used [0x000000078e200000,0x000000078e200000,0x00000007a2e80000)
 ParOldGen       total 1280512K, used 1090646K [0x00000006c0000000, 0x000000070e280000, 0x000000076ab00000)
  object space 1280512K, 85% used [0x00000006c0000000,0x0000000702915ac8,0x000000070e280000)
 Metaspace       used 18106K, capacity 18572K, committed 18688K, reserved 1064960K
  class space    used 2391K, capacity 2508K, committed 2560K, reserved 1048576K
Event: 32.062 GC heap after
Heap after GC invocations=32 (full 6):
 PSYoungGen      total 544768K, used 304896K [0x000000076ab00000, 0x00000007a7600000, 0x00000007c0000000)
  eden space 204288K, 0% used [0x000000076ab00000,0x000000076ab00000,0x0000000777280000)
  from space 340480K, 89% used [0x000000078e200000,0x00000007a0bc0030,0x00000007a2e80000)
  to   space 376320K, 0% used [0x0000000777280000,0x0000000777280000,0x000000078e200000)
 ParOldGen       total 1280512K, used 1177774K [0x00000006c0000000, 0x000000070e280000, 0x000000076ab00000)
  object space 1280512K, 91% used [0x00000006c0000000,0x0000000707e2bac8,0x000000070e280000)
 Metaspace       used 18106K, capacity 18572K, committed 18688K, reserved 1064960K
  class space    used 2391K, capacity 2508K, committed 2560K, reserved 1048576K
}
Event: 32.062 GC heap before
{Heap before GC invocations=33 (full 7):
 PSYoungGen      total 544768K, used 304896K [0x000000076ab00000, 0x00000007a7600000, 0x00000007c0000000)
  eden space 204288K, 0% used [0x000000076ab00000,0x000000076ab00000,0x0000000777280000)
  from space 340480K, 89% used [0x000000078e200000,0x00000007a0bc0030,0x00000007a2e80000)
  to   space 376320K, 0% used [0x0000000777280000,0x0000000777280000,0x000000078e200000)
 ParOldGen       total 1280512K, used 1177774K [0x00000006c0000000, 0x000000070e280000, 0x000000076ab00000)
  object space 1280512K, 91% used [0x00000006c0000000,0x0000000707e2bac8,0x000000070e280000)
 Metaspace       used 18106K, capacity 18572K, committed 18688K, reserved 1064960K
  class space    used 2391K, capacity 2508K, committed 2560K, reserved 1048576K

