# JRE version: OpenJDK Runtime Environment (8.0_131-b11) (build 1.8.0_131-8u131-b11-2ubuntu1.16.04.3-b11)
# Java VM: OpenJDK 64-Bit Server VM (25.131-b11 mixed mode linux-amd64 compressed oops)
Heap:
 PSYoungGen      total 497664K, used 154892K [0x000000076ab00000, 0x000000079e200000, 0x00000007c0000000)
  eden space 205312K, 0% used [0x000000076ab00000,0x000000076ab00000,0x0000000777380000)
  from space 292352K, 52% used [0x0000000777380000,0x0000000780ac33d0,0x0000000789100000)
  to   space 296960K, 0% used [0x000000078c000000,0x000000078c000000,0x000000079e200000)
 ParOldGen       total 1222656K, used 1222541K [0x00000006c0000000, 0x000000070aa00000, 0x000000076ab00000)
  object space 1222656K, 99% used [0x00000006c0000000,0x000000070a9e3600,0x000000070aa00000)
 Metaspace       used 18145K, capacity 18572K, committed 18688K, reserved 1064960K
  class space    used 2391K, capacity 2508K, committed 2560K, reserved 1048576K
GC Heap History (10 events):
Event: 26.614 GC heap after
Heap after GC invocations=26 (full 6):
 PSYoungGen      total 460800K, used 56547K [0x000000076ab00000, 0x000000079b100000, 0x00000007c0000000)
  eden space 174592K, 0% used [0x000000076ab00000,0x000000076ab00000,0x0000000775580000)
  from space 286208K, 19% used [0x0000000787b00000,0x000000078b238c10,0x0000000799280000)
  to   space 300544K, 0% used [0x0000000775580000,0x0000000775580000,0x0000000787b00000)
 ParOldGen       total 1185280K, used 892612K [0x00000006c0000000, 0x0000000708580000, 0x000000076ab00000)
  object space 1185280K, 75% used [0x00000006c0000000,0x00000006f67b13a8,0x0000000708580000)
 Metaspace       used 18145K, capacity 18572K, committed 18688K, reserved 1064960K
  class space    used 2391K, capacity 2508K, committed 2560K, reserved 1048576K
}
Event: 27.107 GC heap before
{Heap before GC invocations=27 (full 6):
 PSYoungGen      total 460800K, used 231139K [0x000000076ab00000, 0x000000079b100000, 0x00000007c0000000)
  eden space 174592K, 100% used [0x000000076ab00000,0x0000000775580000,0x0000000775580000)
  from space 286208K, 19% used [0x0000000787b00000,0x000000078b238c10,0x0000000799280000)
  to   space 300544K, 0% used [0x0000000775580000,0x0000000775580000,0x0000000787b00000)
 ParOldGen       total 1185280K, used 892612K [0x00000006c0000000, 0x0000000708580000, 0x000000076ab00000)
  object space 1185280K, 75% used [0x00000006c0000000,0x00000006f67b13a8,0x0000000708580000)
 Metaspace       used 18145K, capacity 18572K, committed 18688K, reserved 1064960K
  class space    used 2391K, capacity 2508K, committed 2560K, reserved 1048576K
Event: 27.531 GC heap after
Heap after GC invocations=27 (full 6):
 PSYoungGen      total 475136K, used 86720K [0x000000076ab00000, 0x000000079ae00000, 0x00000007c0000000)
  eden space 174592K, 0% used [0x000000076ab00000,0x000000076ab00000,0x0000000775580000)
  from space 300544K, 28% used [0x0000000775580000,0x000000077aa30000,0x0000000787b00000)
  to   space 291840K, 0% used [0x0000000789100000,0x0000000789100000,0x000000079ae00000)
 ParOldGen       total 1185280K, used 949412K [0x00000006c0000000, 0x0000000708580000, 0x000000076ab00000)
  object space 1185280K, 80% used [0x00000006c0000000,0x00000006f9f293a8,0x0000000708580000)
 Metaspace       used 18145K, capacity 18572K, committed 18688K, reserved 1064960K
  class space    used 2391K, capacity 2508K, committed 2560K, reserved 1048576K
}
Event: 27.927 GC heap before
{Heap before GC invocations=28 (full 6):
 PSYoungGen      total 475136K, used 261312K [0x000000076ab00000, 0x000000079ae00000, 0x00000007c0000000)
  eden space 174592K, 100% used [0x000000076ab00000,0x0000000775580000,0x0000000775580000)
  from space 300544K, 28% used [0x0000000775580000,0x000000077aa30000,0x0000000787b00000)
  to   space 291840K, 0% used [0x0000000789100000,0x0000000789100000,0x000000079ae00000)
 ParOldGen       total 1185280K, used 949412K [0x00000006c0000000, 0x0000000708580000, 0x000000076ab00000)
  object space 1185280K, 80% used [0x00000006c0000000,0x00000006f9f293a8,0x0000000708580000)
 Metaspace       used 18145K, capacity 18572K, committed 18688K, reserved 1064960K
  class space    used 2391K, capacity 2508K, committed 2560K, reserved 1048576K
Event: 28.356 GC heap after
Heap after GC invocations=28 (full 6):
 PSYoungGen      total 497152K, used 173408K [0x000000076ab00000, 0x000000079b180000, 0x00000007c0000000)
  eden space 205312K, 0% used [0x000000076ab00000,0x000000076ab00000,0x0000000777380000)
  from space 291840K, 59% used [0x0000000789100000,0x0000000793a58000,0x000000079ae00000)
  to   space 292352K, 0% used [0x0000000777380000,0x0000000777380000,0x0000000789100000)
 ParOldGen       total 1185280K, used 949412K [0x00000006c0000000, 0x0000000708580000, 0x000000076ab00000)
  object space 1185280K, 80% used [0x00000006c0000000,0x00000006f9f293a8,0x0000000708580000)
 Metaspace       used 18145K, capacity 18572K, committed 18688K, reserved 1064960K
  class space    used 2391K, capacity 2508K, committed 2560K, reserved 1048576K
}
Event: 28.883 GC heap before
{Heap before GC invocations=29 (full 6):
 PSYoungGen      total 497152K, used 378720K [0x000000076ab00000, 0x000000079b180000, 0x00000007c0000000)
  eden space 205312K, 100% used [0x000000076ab00000,0x0000000777380000,0x0000000777380000)
  from space 291840K, 59% used [0x0000000789100000,0x0000000793a58000,0x000000079ae00000)
  to   space 292352K, 0% used [0x0000000777380000,0x0000000777380000,0x0000000789100000)
 ParOldGen       total 1185280K, used 949412K [0x00000006c0000000, 0x0000000708580000, 0x000000076ab00000)
  object space 1185280K, 80% used [0x00000006c0000000,0x00000006f9f293a8,0x0000000708580000)
 Metaspace       used 18145K, capacity 18572K, committed 18688K, reserved 1064960K
  class space    used 2391K, capacity 2508K, committed 2560K, reserved 1048576K
Event: 29.940 GC heap after
Heap after GC invocations=29 (full 6):
 PSYoungGen      total 497664K, used 188736K [0x000000076ab00000, 0x000000079e200000, 0x00000007c0000000)
  eden space 205312K, 0% used [0x000000076ab00000,0x000000076ab00000,0x0000000777380000)
  from space 292352K, 64% used [0x0000000777380000,0x0000000782bd0000,0x0000000789100000)
  to   space 296960K, 0% used [0x000000078c000000,0x000000078c000000,0x000000079e200000)
 ParOldGen       total 1185280K, used 1036364K [0x00000006c0000000, 0x0000000708580000, 0x000000076ab00000)
  object space 1185280K, 87% used [0x00000006c0000000,0x00000006ff4133a8,0x0000000708580000)
 Metaspace       used 18145K, capacity 18572K, committed 18688K, reserved 1064960K
  class space    used 2391K, capacity 2508K, committed 2560K, reserved 1048576K
}
Event: 30.183 GC heap before
{Heap before GC invocations=30 (full 6):
 PSYoungGen      total 497664K, used 383420K [0x000000076ab00000, 0x000000079e200000, 0x00000007c0000000)
  eden space 205312K, 94% used [0x000000076ab00000,0x000000077691f228,0x0000000777380000)
  from space 292352K, 64% used [0x0000000777380000,0x0000000782bd0000,0x0000000789100000)
  to   space 296960K, 0% used [0x000000078c000000,0x000000078c000000,0x000000079e200000)
 ParOldGen       total 1185280K, used 1036364K [0x00000006c0000000, 0x0000000708580000, 0x000000076ab00000)
  object space 1185280K, 87% used [0x00000006c0000000,0x00000006ff4133a8,0x0000000708580000)
 Metaspace       used 18145K, capacity 18572K, committed 18688K, reserved 1064960K
  class space    used 2391K, capacity 2508K, committed 2560K, reserved 1048576K
Event: 31.194 GC heap after
Heap after GC invocations=30 (full 6):
 PSYoungGen      total 497664K, used 383420K [0x000000076ab00000, 0x000000079e200000, 0x00000007c0000000)
  eden space 205312K, 94% used [0x000000076ab00000,0x000000077691f228,0x0000000777380000)
  from space 292352K, 64% used [0x0000000777380000,0x0000000782bd0000,0x0000000789100000)
  to   space 296960K, 51% used [0x000000078c000000,0x00000007955c0020,0x000000079e200000)
 ParOldGen       total 1222656K, used 1221716K [0x00000006c0000000, 0x000000070aa00000, 0x000000076ab00000)
  object space 1222656K, 99% used [0x00000006c0000000,0x000000070a9153a8,0x000000070aa00000)
 Metaspace       used 18145K, capacity 18572K, committed 18688K, reserved 1064960K
  class space    used 2391K, capacity 2508K, committed 2560K, reserved 1048576K
}
Event: 31.194 GC heap before
{Heap before GC invocations=31 (full 7):
 PSYoungGen      total 497664K, used 383420K [0x000000076ab00000, 0x000000079e200000, 0x00000007c0000000)
  eden space 205312K, 94% used [0x000000076ab00000,0x000000077691f228,0x0000000777380000)
  from space 292352K, 64% used [0x0000000777380000,0x0000000782bd0000,0x0000000789100000)
  to   space 296960K, 51% used [0x000000078c000000,0x00000007955c0020,0x000000079e200000)
 ParOldGen       total 1222656K, used 1221716K [0x00000006c0000000, 0x000000070aa00000, 0x000000076ab00000)
  object space 1222656K, 99% used [0x00000006c0000000,0x000000070a9153a8,0x000000070aa00000)
 Metaspace       used 18145K, capacity 18572K, committed 18688K, reserved 1064960K
  class space    used 2391K, capacity 2508K, committed 2560K, reserved 1048576K

