# JRE version: OpenJDK Runtime Environment (8.0_131-b11) (build 1.8.0_131-8u131-b11-2ubuntu1.16.04.3-b11)
# Java VM: OpenJDK 64-Bit Server VM (25.131-b11 mixed mode linux-amd64 compressed oops)
Heap:
 PSYoungGen      total 599040K, used 212314K [0x000000076ab00000, 0x00000007ad480000, 0x00000007c0000000)
  eden space 158208K, 0% used [0x000000076ab00000,0x000000076ab00000,0x0000000774580000)
  from space 440832K, 48% used [0x0000000774580000,0x00000007814d6b70,0x000000078f400000)
  to   space 449024K, 0% used [0x0000000791e00000,0x0000000791e00000,0x00000007ad480000)
 ParOldGen       total 908288K, used 908221K [0x00000006c0000000, 0x00000006f7700000, 0x000000076ab00000)
  object space 908288K, 99% used [0x00000006c0000000,0x00000006f76ef728,0x00000006f7700000)
 Metaspace       used 18113K, capacity 18572K, committed 18688K, reserved 1064960K
  class space    used 2391K, capacity 2508K, committed 2560K, reserved 1048576K
GC Heap History (10 events):
Event: 24.562 GC heap after
Heap after GC invocations=22 (full 5):
 PSYoungGen      total 544256K, used 173931K [0x000000076ab00000, 0x00000007a7080000, 0x00000007c0000000)
  eden space 131584K, 0% used [0x000000076ab00000,0x000000076ab00000,0x0000000772b80000)
  from space 412672K, 42% used [0x0000000772b80000,0x000000077d55aef0,0x000000078be80000)
  to   space 413696K, 0% used [0x000000078dc80000,0x000000078dc80000,0x00000007a7080000)
 ParOldGen       total 908288K, used 648137K [0x00000006c0000000, 0x00000006f7700000, 0x000000076ab00000)
  object space 908288K, 71% used [0x00000006c0000000,0x00000006e78f26a0,0x00000006f7700000)
 Metaspace       used 18113K, capacity 18572K, committed 18688K, reserved 1064960K
  class space    used 2391K, capacity 2508K, committed 2560K, reserved 1048576K
}
Event: 24.868 GC heap before
{Heap before GC invocations=23 (full 5):
 PSYoungGen      total 544256K, used 305515K [0x000000076ab00000, 0x00000007a7080000, 0x00000007c0000000)
  eden space 131584K, 100% used [0x000000076ab00000,0x0000000772b80000,0x0000000772b80000)
  from space 412672K, 42% used [0x0000000772b80000,0x000000077d55aef0,0x000000078be80000)
  to   space 413696K, 0% used [0x000000078dc80000,0x000000078dc80000,0x00000007a7080000)
 ParOldGen       total 908288K, used 648137K [0x00000006c0000000, 0x00000006f7700000, 0x000000076ab00000)
  object space 908288K, 71% used [0x00000006c0000000,0x00000006e78f26a0,0x00000006f7700000)
 Metaspace       used 18113K, capacity 18572K, committed 18688K, reserved 1064960K
  class space    used 2391K, capacity 2508K, committed 2560K, reserved 1048576K
Event: 25.646 GC heap after
Heap after GC invocations=23 (full 5):
 PSYoungGen      total 524800K, used 147648K [0x000000076ab00000, 0x00000007a4500000, 0x00000007c0000000)
  eden space 155648K, 0% used [0x000000076ab00000,0x000000076ab00000,0x0000000774300000)
  from space 369152K, 39% used [0x000000078dc80000,0x0000000796cb0000,0x00000007a4500000)
  to   space 394240K, 0% used [0x0000000774300000,0x0000000774300000,0x000000078c400000)
 ParOldGen       total 908288K, used 740297K [0x00000006c0000000, 0x00000006f7700000, 0x000000076ab00000)
  object space 908288K, 81% used [0x00000006c0000000,0x00000006ed2f26a0,0x00000006f7700000)
 Metaspace       used 18113K, capacity 18572K, committed 18688K, reserved 1064960K
  class space    used 2391K, capacity 2508K, committed 2560K, reserved 1048576K
}
Event: 25.833 GC heap before
{Heap before GC invocations=24 (full 5):
 PSYoungGen      total 524800K, used 303296K [0x000000076ab00000, 0x00000007a4500000, 0x00000007c0000000)
  eden space 155648K, 100% used [0x000000076ab00000,0x0000000774300000,0x0000000774300000)
  from space 369152K, 39% used [0x000000078dc80000,0x0000000796cb0000,0x00000007a4500000)
  to   space 394240K, 0% used [0x0000000774300000,0x0000000774300000,0x000000078c400000)
 ParOldGen       total 908288K, used 740297K [0x00000006c0000000, 0x00000006f7700000, 0x000000076ab00000)
  object space 908288K, 81% used [0x00000006c0000000,0x00000006ed2f26a0,0x00000006f7700000)
 Metaspace       used 18113K, capacity 18572K, committed 18688K, reserved 1064960K
  class space    used 2391K, capacity 2508K, committed 2560K, reserved 1048576K
Event: 26.274 GC heap after
Heap after GC invocations=24 (full 5):
 PSYoungGen      total 549888K, used 276000K [0x000000076ab00000, 0x00000007a8500000, 0x00000007c0000000)
  eden space 155648K, 0% used [0x000000076ab00000,0x000000076ab00000,0x0000000774300000)
  from space 394240K, 70% used [0x0000000774300000,0x0000000785088030,0x000000078c400000)
  to   space 410624K, 0% used [0x000000078f400000,0x000000078f400000,0x00000007a8500000)
 ParOldGen       total 908288K, used 740297K [0x00000006c0000000, 0x00000006f7700000, 0x000000076ab00000)
  object space 908288K, 81% used [0x00000006c0000000,0x00000006ed2f26a0,0x00000006f7700000)
 Metaspace       used 18113K, capacity 18572K, committed 18688K, reserved 1064960K
  class space    used 2391K, capacity 2508K, committed 2560K, reserved 1048576K
}
Event: 27.033 GC heap before
{Heap before GC invocations=25 (full 5):
 PSYoungGen      total 549888K, used 431648K [0x000000076ab00000, 0x00000007a8500000, 0x00000007c0000000)
  eden space 155648K, 100% used [0x000000076ab00000,0x0000000774300000,0x0000000774300000)
  from space 394240K, 70% used [0x0000000774300000,0x0000000785088030,0x000000078c400000)
  to   space 410624K, 0% used [0x000000078f400000,0x000000078f400000,0x00000007a8500000)
 ParOldGen       total 908288K, used 740297K [0x00000006c0000000, 0x00000006f7700000, 0x000000076ab00000)
  object space 908288K, 81% used [0x00000006c0000000,0x00000006ed2f26a0,0x00000006f7700000)
 Metaspace       used 18113K, capacity 18572K, committed 18688K, reserved 1064960K
  class space    used 2391K, capacity 2508K, committed 2560K, reserved 1048576K
Event: 27.906 GC heap after
Heap after GC invocations=25 (full 5):
 PSYoungGen      total 568832K, used 325536K [0x000000076ab00000, 0x00000007ac100000, 0x00000007c0000000)
  eden space 158208K, 0% used [0x000000076ab00000,0x000000076ab00000,0x0000000774580000)
  from space 410624K, 79% used [0x000000078f400000,0x00000007a31e8030,0x00000007a8500000)
  to   space 440832K, 0% used [0x0000000774580000,0x0000000774580000,0x000000078f400000)
 ParOldGen       total 908288K, used 768089K [0x00000006c0000000, 0x00000006f7700000, 0x000000076ab00000)
  object space 908288K, 84% used [0x00000006c0000000,0x00000006eee166a0,0x00000006f7700000)
 Metaspace       used 18113K, capacity 18572K, committed 18688K, reserved 1064960K
  class space    used 2391K, capacity 2508K, committed 2560K, reserved 1048576K
}
Event: 28.602 GC heap before
{Heap before GC invocations=26 (full 5):
 PSYoungGen      total 568832K, used 483744K [0x000000076ab00000, 0x00000007ac100000, 0x00000007c0000000)
  eden space 158208K, 100% used [0x000000076ab00000,0x0000000774580000,0x0000000774580000)
  from space 410624K, 79% used [0x000000078f400000,0x00000007a31e8030,0x00000007a8500000)
  to   space 440832K, 0% used [0x0000000774580000,0x0000000774580000,0x000000078f400000)
 ParOldGen       total 908288K, used 768089K [0x00000006c0000000, 0x00000006f7700000, 0x000000076ab00000)
  object space 908288K, 84% used [0x00000006c0000000,0x00000006eee166a0,0x00000006f7700000)
 Metaspace       used 18113K, capacity 18572K, committed 18688K, reserved 1064960K
  class space    used 2391K, capacity 2508K, committed 2560K, reserved 1048576K
Event: 29.457 GC heap after
Heap after GC invocations=26 (full 5):
 PSYoungGen      total 599040K, used 284192K [0x000000076ab00000, 0x00000007ad480000, 0x00000007c0000000)
  eden space 158208K, 0% used [0x000000076ab00000,0x000000076ab00000,0x0000000774580000)
  from space 440832K, 64% used [0x0000000774580000,0x0000000785b08030,0x000000078f400000)
  to   space 449024K, 0% used [0x0000000791e00000,0x0000000791e00000,0x00000007ad480000)
 ParOldGen       total 908288K, used 888385K [0x00000006c0000000, 0x00000006f7700000, 0x000000076ab00000)
  object space 908288K, 97% used [0x00000006c0000000,0x00000006f63906a0,0x00000006f7700000)
 Metaspace       used 18113K, capacity 18572K, committed 18688K, reserved 1064960K
  class space    used 2391K, capacity 2508K, committed 2560K, reserved 1048576K
}
Event: 29.486 GC heap before
{Heap before GC invocations=27 (full 6):
 PSYoungGen      total 599040K, used 284192K [0x000000076ab00000, 0x00000007ad480000, 0x00000007c0000000)
  eden space 158208K, 0% used [0x000000076ab00000,0x000000076ab00000,0x0000000774580000)
  from space 440832K, 64% used [0x0000000774580000,0x0000000785b08030,0x000000078f400000)
  to   space 449024K, 0% used [0x0000000791e00000,0x0000000791e00000,0x00000007ad480000)
 ParOldGen       total 908288K, used 888385K [0x00000006c0000000, 0x00000006f7700000, 0x000000076ab00000)
  object space 908288K, 97% used [0x00000006c0000000,0x00000006f63906a0,0x00000006f7700000)
 Metaspace       used 18113K, capacity 18572K, committed 18688K, reserved 1064960K
  class space    used 2391K, capacity 2508K, committed 2560K, reserved 1048576K

