# JRE version: OpenJDK Runtime Environment (8.0_131-b11) (build 1.8.0_131-8u131-b11-2ubuntu1.16.04.3-b11)
# Java VM: OpenJDK 64-Bit Server VM (25.131-b11 mixed mode linux-amd64 compressed oops)
Heap:
 PSYoungGen      total 494080K, used 0K [0x000000076ab00000, 0x000000079d300000, 0x00000007c0000000)
  eden space 183296K, 0% used [0x000000076ab00000,0x000000076ab00000,0x0000000775e00000)
  from space 310784K, 0% used [0x000000078a380000,0x000000078a380000,0x000000079d300000)
  to   space 322048K, 0% used [0x0000000775e00000,0x0000000775e00000,0x0000000789880000)
 ParOldGen       total 1164800K, used 1113139K [0x00000006c0000000, 0x0000000707180000, 0x000000076ab00000)
  object space 1164800K, 95% used [0x00000006c0000000,0x0000000703f0ce88,0x0000000707180000)
 Metaspace       used 18113K, capacity 18572K, committed 18688K, reserved 1064960K
  class space    used 2391K, capacity 2508K, committed 2560K, reserved 1048576K
GC Heap History (10 events):
Event: 24.548 GC heap after
Heap after GC invocations=24 (full 5):
 PSYoungGen      total 464896K, used 124384K [0x000000076ab00000, 0x0000000799a00000, 0x00000007c0000000)
  eden space 154112K, 0% used [0x000000076ab00000,0x000000076ab00000,0x0000000774180000)
  from space 310784K, 40% used [0x0000000774180000,0x000000077baf8000,0x0000000787100000)
  to   space 292864K, 0% used [0x0000000787c00000,0x0000000787c00000,0x0000000799a00000)
 ParOldGen       total 886784K, used 760307K [0x00000006c0000000, 0x00000006f6200000, 0x000000076ab00000)
  object space 886784K, 85% used [0x00000006c0000000,0x00000006ee67cc48,0x00000006f6200000)
 Metaspace       used 18113K, capacity 18572K, committed 18688K, reserved 1064960K
  class space    used 2391K, capacity 2508K, committed 2560K, reserved 1048576K
}
Event: 24.694 GC heap before
{Heap before GC invocations=25 (full 5):
 PSYoungGen      total 464896K, used 278496K [0x000000076ab00000, 0x0000000799a00000, 0x00000007c0000000)
  eden space 154112K, 100% used [0x000000076ab00000,0x0000000774180000,0x0000000774180000)
  from space 310784K, 40% used [0x0000000774180000,0x000000077baf8000,0x0000000787100000)
  to   space 292864K, 0% used [0x0000000787c00000,0x0000000787c00000,0x0000000799a00000)
 ParOldGen       total 886784K, used 760307K [0x00000006c0000000, 0x00000006f6200000, 0x000000076ab00000)
  object space 886784K, 85% used [0x00000006c0000000,0x00000006ee67cc48,0x00000006f6200000)
 Metaspace       used 18113K, capacity 18572K, committed 18688K, reserved 1064960K
  class space    used 2391K, capacity 2508K, committed 2560K, reserved 1048576K
Event: 24.995 GC heap after
Heap after GC invocations=25 (full 5):
 PSYoungGen      total 446464K, used 251936K [0x000000076ab00000, 0x000000079d900000, 0x00000007c0000000)
  eden space 153600K, 0% used [0x000000076ab00000,0x000000076ab00000,0x0000000774100000)
  from space 292864K, 86% used [0x0000000787c00000,0x0000000797208030,0x0000000799a00000)
  to   space 322560K, 0% used [0x0000000774100000,0x0000000774100000,0x0000000787c00000)
 ParOldGen       total 886784K, used 760307K [0x00000006c0000000, 0x00000006f6200000, 0x000000076ab00000)
  object space 886784K, 85% used [0x00000006c0000000,0x00000006ee67cc48,0x00000006f6200000)
 Metaspace       used 18113K, capacity 18572K, committed 18688K, reserved 1064960K
  class space    used 2391K, capacity 2508K, committed 2560K, reserved 1048576K
}
Event: 25.592 GC heap before
{Heap before GC invocations=26 (full 5):
 PSYoungGen      total 446464K, used 405536K [0x000000076ab00000, 0x000000079d900000, 0x00000007c0000000)
  eden space 153600K, 100% used [0x000000076ab00000,0x0000000774100000,0x0000000774100000)
  from space 292864K, 86% used [0x0000000787c00000,0x0000000797208030,0x0000000799a00000)
  to   space 322560K, 0% used [0x0000000774100000,0x0000000774100000,0x0000000787c00000)
 ParOldGen       total 886784K, used 760307K [0x00000006c0000000, 0x00000006f6200000, 0x000000076ab00000)
  object space 886784K, 85% used [0x00000006c0000000,0x00000006ee67cc48,0x00000006f6200000)
 Metaspace       used 18113K, capacity 18572K, committed 18688K, reserved 1064960K
  class space    used 2391K, capacity 2508K, committed 2560K, reserved 1048576K
Event: 26.147 GC heap after
Heap after GC invocations=26 (full 5):
 PSYoungGen      total 476160K, used 203872K [0x000000076ab00000, 0x000000079e400000, 0x00000007c0000000)
  eden space 153600K, 0% used [0x000000076ab00000,0x000000076ab00000,0x0000000774100000)
  from space 322560K, 63% used [0x0000000774100000,0x0000000780818030,0x0000000787c00000)
  to   space 328192K, 0% used [0x000000078a380000,0x000000078a380000,0x000000079e400000)
 ParOldGen       total 886784K, used 885051K [0x00000006c0000000, 0x00000006f6200000, 0x000000076ab00000)
  object space 886784K, 99% used [0x00000006c0000000,0x00000006f604ec48,0x00000006f6200000)
 Metaspace       used 18113K, capacity 18572K, committed 18688K, reserved 1064960K
  class space    used 2391K, capacity 2508K, committed 2560K, reserved 1048576K
}
Event: 26.147 GC heap before
{Heap before GC invocations=27 (full 6):
 PSYoungGen      total 476160K, used 203872K [0x000000076ab00000, 0x000000079e400000, 0x00000007c0000000)
  eden space 153600K, 0% used [0x000000076ab00000,0x000000076ab00000,0x0000000774100000)
  from space 322560K, 63% used [0x0000000774100000,0x0000000780818030,0x0000000787c00000)
  to   space 328192K, 0% used [0x000000078a380000,0x000000078a380000,0x000000079e400000)
 ParOldGen       total 886784K, used 885051K [0x00000006c0000000, 0x00000006f6200000, 0x000000076ab00000)
  object space 886784K, 99% used [0x00000006c0000000,0x00000006f604ec48,0x00000006f6200000)
 Metaspace       used 18113K, capacity 18572K, committed 18688K, reserved 1064960K
  class space    used 2391K, capacity 2508K, committed 2560K, reserved 1048576K
Event: 29.297 GC heap after
Heap after GC invocations=27 (full 6):
 PSYoungGen      total 476160K, used 192377K [0x000000076ab00000, 0x000000079e400000, 0x00000007c0000000)
  eden space 153600K, 0% used [0x000000076ab00000,0x000000076ab00000,0x0000000774100000)
  from space 322560K, 59% used [0x0000000774100000,0x000000077fcde458,0x0000000787c00000)
  to   space 328192K, 0% used [0x000000078a380000,0x000000078a380000,0x000000079e400000)
 ParOldGen       total 1164800K, used 844586K [0x00000006c0000000, 0x0000000707180000, 0x000000076ab00000)
  object space 1164800K, 72% used [0x00000006c0000000,0x00000006f38ca9e8,0x0000000707180000)
 Metaspace       used 18113K, capacity 18572K, committed 18688K, reserved 1064960K
  class space    used 2391K, capacity 2508K, committed 2560K, reserved 1048576K
}
Event: 29.902 GC heap before
{Heap before GC invocations=28 (full 6):
 PSYoungGen      total 476160K, used 345977K [0x000000076ab00000, 0x000000079e400000, 0x00000007c0000000)
  eden space 153600K, 100% used [0x000000076ab00000,0x0000000774100000,0x0000000774100000)
  from space 322560K, 59% used [0x0000000774100000,0x000000077fcde458,0x0000000787c00000)
  to   space 328192K, 0% used [0x000000078a380000,0x000000078a380000,0x000000079e400000)
 ParOldGen       total 1164800K, used 844586K [0x00000006c0000000, 0x0000000707180000, 0x000000076ab00000)
  object space 1164800K, 72% used [0x00000006c0000000,0x00000006f38ca9e8,0x0000000707180000)
 Metaspace       used 18113K, capacity 18572K, committed 18688K, reserved 1064960K
  class space    used 2391K, capacity 2508K, committed 2560K, reserved 1048576K
Event: 30.455 GC heap after
Heap after GC invocations=28 (full 6):
 PSYoungGen      total 494080K, used 76320K [0x000000076ab00000, 0x000000079d300000, 0x00000007c0000000)
  eden space 183296K, 0% used [0x000000076ab00000,0x000000076ab00000,0x0000000775e00000)
  from space 310784K, 24% used [0x000000078a380000,0x000000078ee08000,0x000000079d300000)
  to   space 322048K, 0% used [0x0000000775e00000,0x0000000775e00000,0x0000000789880000)
 ParOldGen       total 1164800K, used 1037426K [0x00000006c0000000, 0x0000000707180000, 0x000000076ab00000)
  object space 1164800K, 89% used [0x00000006c0000000,0x00000006ff51ca08,0x0000000707180000)
 Metaspace       used 18113K, capacity 18572K, committed 18688K, reserved 1064960K
  class space    used 2391K, capacity 2508K, committed 2560K, reserved 1048576K
}
Event: 30.455 GC heap before
{Heap before GC invocations=29 (full 7):
 PSYoungGen      total 494080K, used 76320K [0x000000076ab00000, 0x000000079d300000, 0x00000007c0000000)
  eden space 183296K, 0% used [0x000000076ab00000,0x000000076ab00000,0x0000000775e00000)
  from space 310784K, 24% used [0x000000078a380000,0x000000078ee08000,0x000000079d300000)
  to   space 322048K, 0% used [0x0000000775e00000,0x0000000775e00000,0x0000000789880000)
 ParOldGen       total 1164800K, used 1037426K [0x00000006c0000000, 0x0000000707180000, 0x000000076ab00000)
  object space 1164800K, 89% used [0x00000006c0000000,0x00000006ff51ca08,0x0000000707180000)
 Metaspace       used 18113K, capacity 18572K, committed 18688K, reserved 1064960K
  class space    used 2391K, capacity 2508K, committed 2560K, reserved 1048576K

